<?xml version="1.0" encoding="UTF-8"?>
<testng-results ignored="2" total="4" passed="2" failed="0" skipped="0">
  <reporter-output>
  </reporter-output>
  <suite started-at="2021-03-21T16:44:38Z" name="InetBanking Suite" finished-at="2021-03-21T16:45:14Z" duration-ms="35121">
    <groups>
    </groups>
    <test started-at="2021-03-21T16:44:38Z" name="Positive Test" finished-at="2021-03-21T16:45:14Z" duration-ms="35121">
      <class name="com.inetbanking.testcases.TC_LoginTest_001">
        <test-method is-config="true" signature="testSetUp(java.lang.String)[pri:0, instance:com.inetbanking.testcases.TC_LoginTest_001@71329995]" started-at="2021-03-21T16:44:39Z" name="testSetUp" finished-at="2021-03-21T16:44:43Z" duration-ms="4112" status="PASS">
          <params>
            <param index="0">
              <value>
                <![CDATA[chrome]]>
              </value>
            </param>
          </params>
          <reporter-output>
          </reporter-output>
        </test-method> <!-- testSetUp -->
        <test-method signature="testPageTitleValidation()[pri:0, instance:com.inetbanking.testcases.TC_LoginTest_001@71329995]" started-at="2021-03-21T16:44:43Z" name="testPageTitleValidation" finished-at="2021-03-21T16:44:55Z" duration-ms="11522" status="PASS">
          <reporter-output>
          </reporter-output>
        </test-method> <!-- testPageTitleValidation -->
        <test-method is-config="true" signature="testTearDown()[pri:0, instance:com.inetbanking.testcases.TC_LoginTest_001@71329995]" started-at="2021-03-21T16:45:03Z" name="testTearDown" finished-at="2021-03-21T16:45:14Z" duration-ms="10969" status="PASS">
          <reporter-output>
          </reporter-output>
        </test-method> <!-- testTearDown -->
      </class> <!-- com.inetbanking.testcases.TC_LoginTest_001 -->
      <class name="com.inetbanking.testcases.TC_LoginTestFailed_001">
        <test-method signature="testPageTitleNegativeValidation()[pri:0, instance:com.inetbanking.testcases.TC_LoginTestFailed_001@768fc0f2]" started-at="2021-03-21T16:44:55Z" name="testPageTitleNegativeValidation" finished-at="2021-03-21T16:45:03Z" duration-ms="7998" status="PASS">
          <reporter-output>
          </reporter-output>
        </test-method> <!-- testPageTitleNegativeValidation -->
      </class> <!-- com.inetbanking.testcases.TC_LoginTestFailed_001 -->
    </test> <!-- Positive Test -->
  </suite> <!-- InetBanking Suite -->
</testng-results>
