<?xml version="1.0" encoding="UTF-8"?>
<!-- Generated by org.testng.reporters.JUnitXMLReporter -->
<testsuite ignored="2" hostname="LAPTOP-FAAER399" failures="0" tests="2" name="Positive Test" time="35.121" errors="0" timestamp="21 Mar 2021 16:45:14 GMT">
  <testcase classname="com.inetbanking.testcases.TC_LoginTest_001" name="testPageTitleValidation" time="11.522"/>
  <testcase classname="com.inetbanking.testcases.TC_LoginTestFailed_001" name="testPageTitleNegativeValidation" time="7.998"/>
  <testcase classname="com.inetbanking.testcases.TestBase" name="@AfterTest testTearDown" time="0.0">
    <ignored/>
  </testcase> <!-- @AfterTest testTearDown -->
  <testcase classname="com.inetbanking.testcases.TestBase" name="@BeforeTest testSetUp" time="0.0">
    <ignored/>
  </testcase> <!-- @BeforeTest testSetUp -->
</testsuite> <!-- Positive Test -->
